  소스.cpp
c:\users\minf0\desktop\sd\민주코딩한단다\1-12\1-12\소스.cpp(31): warning C4326: 'main'의 반환 형식이 'int'이어야 하는데 'void'입니다.
c:\users\minf0\desktop\sd\민주코딩한단다\1-12\1-12\소스.cpp(182): warning C4244: '인수': 'double'에서 'GLfloat'(으)로 변환하면서 데이터가 손실될 수 있습니다.
c:\users\minf0\desktop\sd\민주코딩한단다\1-12\1-12\소스.cpp(194): warning C4244: '인수': 'int'에서 'GLfloat'(으)로 변환하면서 데이터가 손실될 수 있습니다.
c:\users\minf0\desktop\sd\민주코딩한단다\1-12\1-12\소스.cpp(197): warning C4244: '인수': 'int'에서 'GLfloat'(으)로 변환하면서 데이터가 손실될 수 있습니다.
c:\users\minf0\desktop\sd\민주코딩한단다\1-12\1-12\소스.cpp(203): warning C4244: '인수': 'int'에서 'GLfloat'(으)로 변환하면서 데이터가 손실될 수 있습니다.
c:\users\minf0\desktop\sd\민주코딩한단다\1-12\1-12\소스.cpp(214): warning C4244: '인수': 'double'에서 'GLfloat'(으)로 변환하면서 데이터가 손실될 수 있습니다.
c:\users\minf0\desktop\sd\민주코딩한단다\1-12\1-12\소스.cpp(214): warning C4244: '인수': 'int'에서 'GLfloat'(으)로 변환하면서 데이터가 손실될 수 있습니다.
c:\users\minf0\desktop\sd\민주코딩한단다\1-12\1-12\소스.cpp(222): warning C4244: '인수': 'int'에서 'GLfloat'(으)로 변환하면서 데이터가 손실될 수 있습니다.
c:\users\minf0\desktop\sd\민주코딩한단다\1-12\1-12\소스.cpp(225): warning C4244: '인수': 'int'에서 'GLfloat'(으)로 변환하면서 데이터가 손실될 수 있습니다.
c:\users\minf0\desktop\sd\민주코딩한단다\1-12\1-12\소스.cpp(231): warning C4244: '인수': 'int'에서 'GLfloat'(으)로 변환하면서 데이터가 손실될 수 있습니다.
c:\users\minf0\desktop\sd\민주코딩한단다\1-12\1-12\소스.cpp(242): warning C4244: '인수': 'double'에서 'GLfloat'(으)로 변환하면서 데이터가 손실될 수 있습니다.
c:\users\minf0\desktop\sd\민주코딩한단다\1-12\1-12\소스.cpp(250): warning C4244: '인수': 'int'에서 'GLfloat'(으)로 변환하면서 데이터가 손실될 수 있습니다.
c:\users\minf0\desktop\sd\민주코딩한단다\1-12\1-12\소스.cpp(253): warning C4244: '인수': 'int'에서 'GLfloat'(으)로 변환하면서 데이터가 손실될 수 있습니다.
c:\users\minf0\desktop\sd\민주코딩한단다\1-12\1-12\소스.cpp(259): warning C4244: '인수': 'int'에서 'GLfloat'(으)로 변환하면서 데이터가 손실될 수 있습니다.
c:\users\minf0\desktop\sd\민주코딩한단다\1-12\1-12\소스.cpp(272): warning C4244: '인수': 'int'에서 'GLfloat'(으)로 변환하면서 데이터가 손실될 수 있습니다.
c:\users\minf0\desktop\sd\민주코딩한단다\1-12\1-12\소스.cpp(276): warning C4244: '인수': 'int'에서 'GLfloat'(으)로 변환하면서 데이터가 손실될 수 있습니다.
c:\users\minf0\desktop\sd\민주코딩한단다\1-12\1-12\소스.cpp(280): warning C4244: '인수': 'int'에서 'GLfloat'(으)로 변환하면서 데이터가 손실될 수 있습니다.
c:\users\minf0\desktop\sd\민주코딩한단다\1-12\1-12\소스.cpp(284): warning C4244: '인수': 'int'에서 'GLfloat'(으)로 변환하면서 데이터가 손실될 수 있습니다.
c:\users\minf0\desktop\sd\민주코딩한단다\1-12\1-12\소스.cpp(288): warning C4244: '인수': 'int'에서 'GLfloat'(으)로 변환하면서 데이터가 손실될 수 있습니다.
c:\users\minf0\desktop\sd\민주코딩한단다\1-12\1-12\소스.cpp(316): warning C4244: '인수': 'int'에서 'GLfloat'(으)로 변환하면서 데이터가 손실될 수 있습니다.
c:\users\minf0\desktop\sd\민주코딩한단다\1-12\1-12\소스.cpp(319): warning C4244: '인수': 'int'에서 'GLfloat'(으)로 변환하면서 데이터가 손실될 수 있습니다.
c:\users\minf0\desktop\sd\민주코딩한단다\1-12\1-12\소스.cpp(325): warning C4244: '인수': 'int'에서 'GLfloat'(으)로 변환하면서 데이터가 손실될 수 있습니다.
c:\users\minf0\desktop\sd\민주코딩한단다\1-12\1-12\소스.cpp(342): warning C4244: '인수': 'int'에서 'GLfloat'(으)로 변환하면서 데이터가 손실될 수 있습니다.
c:\users\minf0\desktop\sd\민주코딩한단다\1-12\1-12\소스.cpp(348): warning C4244: '인수': 'int'에서 'GLfloat'(으)로 변환하면서 데이터가 손실될 수 있습니다.
c:\users\minf0\desktop\sd\민주코딩한단다\1-12\1-12\소스.cpp(354): warning C4244: '인수': 'int'에서 'GLfloat'(으)로 변환하면서 데이터가 손실될 수 있습니다.
c:\users\minf0\desktop\sd\민주코딩한단다\1-12\1-12\소스.cpp(360): warning C4244: '인수': 'int'에서 'GLfloat'(으)로 변환하면서 데이터가 손실될 수 있습니다.
c:\users\minf0\desktop\sd\민주코딩한단다\1-12\1-12\소스.cpp(392): warning C4244: '인수': 'int'에서 'GLfloat'(으)로 변환하면서 데이터가 손실될 수 있습니다.
c:\users\minf0\desktop\sd\민주코딩한단다\1-12\1-12\소스.cpp(395): warning C4244: '인수': 'int'에서 'GLfloat'(으)로 변환하면서 데이터가 손실될 수 있습니다.
c:\users\minf0\desktop\sd\민주코딩한단다\1-12\1-12\소스.cpp(401): warning C4244: '인수': 'int'에서 'GLfloat'(으)로 변환하면서 데이터가 손실될 수 있습니다.
  1-12.vcxproj -> C:\Users\minf0\Desktop\SD\민주코딩한단다\1-12\Debug\1-12.exe
